c:\users\fiawm\source\repos\วงกลม\วงกลม\debug\วงกลม.pch
c:\users\fiawm\source\repos\วงกลม\วงกลม\debug\vc141.pdb
c:\users\fiawm\source\repos\วงกลม\วงกลม\debug\vc141.idb
c:\users\fiawm\source\repos\วงกลม\วงกลม\debug\stdafx.obj
c:\users\fiawm\source\repos\วงกลม\วงกลม\debug\วงกลม.obj
c:\users\fiawm\source\repos\วงกลม\debug\วงกลม.pdb
c:\users\fiawm\source\repos\วงกลม\วงกลม\debug\วงกลม.tlog\cl.command.1.tlog
c:\users\fiawm\source\repos\วงกลม\วงกลม\debug\วงกลม.tlog\cl.read.1.tlog
c:\users\fiawm\source\repos\วงกลม\วงกลม\debug\วงกลม.tlog\cl.write.1.tlog
c:\users\fiawm\source\repos\วงกลม\วงกลม\debug\วงกลม.tlog\link-cvtres.read.1.tlog
c:\users\fiawm\source\repos\วงกลม\วงกลม\debug\วงกลม.tlog\link-cvtres.write.1.tlog
c:\users\fiawm\source\repos\วงกลม\วงกลม\debug\วงกลม.tlog\link-rc.read.1.tlog
c:\users\fiawm\source\repos\วงกลม\วงกลม\debug\วงกลม.tlog\link-rc.write.1.tlog
c:\users\fiawm\source\repos\วงกลม\วงกลม\debug\วงกลม.tlog\link.4160-cvtres.read.1.tlog
c:\users\fiawm\source\repos\วงกลม\วงกลม\debug\วงกลม.tlog\link.4160-cvtres.write.1.tlog
c:\users\fiawm\source\repos\วงกลม\วงกลม\debug\วงกลม.tlog\link.4160-rc.read.1.tlog
c:\users\fiawm\source\repos\วงกลม\วงกลม\debug\วงกลม.tlog\link.4160-rc.write.1.tlog
c:\users\fiawm\source\repos\วงกลม\วงกลม\debug\วงกลม.tlog\link.4160.read.1.tlog
c:\users\fiawm\source\repos\วงกลม\วงกลม\debug\วงกลม.tlog\link.4160.write.1.tlog
c:\users\fiawm\source\repos\วงกลม\วงกลม\debug\วงกลม.tlog\link.command.1.tlog
c:\users\fiawm\source\repos\วงกลม\วงกลม\debug\วงกลม.tlog\link.read.1.tlog
c:\users\fiawm\source\repos\วงกลม\วงกลม\debug\วงกลม.tlog\link.write.1.tlog
